<?xml version="1.0" encoding="utf-8"?>
<coverage line-rate="0.75" branch-rate="0.5" version="1.0" timestamp="1234567890" lines-covered="9" lines-valid="12">
  <packages>
    <package name="SluiceBase.Api">
      <classes>
        <class name="QueryEndpoint" filename="src/SluiceBase.Api/Endpoints/QueryEndpoint.cs" line-rate="0.8" branch-rate="0.5">
          <lines>
            <line number="10" hits="1"/>
            <line number="11" hits="1"/>
            <line number="12" hits="1"/>
            <line number="13" hits="1"/>
            <line number="14" hits="0"/>
          </lines>
        </class>
        <class name="UpdateEndpoint" filename="src/SluiceBase.Api/Endpoints/UpdateEndpoint.cs" line-rate="0.5" branch-rate="0.5">
          <lines>
            <line number="20" hits="1"/>
            <line number="21" hits="0"/>
            <line number="22" hits="0"/>
            <line number="23" hits="1"/>
          </lines>
        </class>
        <class name="HealthEndpoint" filename="src/SluiceBase.Api/Endpoints/HealthEndpoint.cs" line-rate="1.0" branch-rate="1.0">
          <lines>
            <line number="5" hits="1"/>
            <line number="6" hits="1"/>
            <line number="7" hits="1"/>
          </lines>
        </class>
      </classes>
    </package>
  </packages>
</coverage>
